<?xml version="1.0" encoding="UTF-8"?>
<!-- Generated by org.testng.reporters.JUnitXMLReporter -->
<testsuite ignored="4" hostname="muralim" failures="0" tests="2" name="dtestTest3" time="171.239" errors="0" timestamp="2022-03-16T13:07:27 IST">
  <testcase classname="com.crm.vtiger.CreateOrganizationTest" name="createorganization" time="60.334"/>
  <testcase classname="com.crm.vtiger.CreateproductTest" name="createproduct" time="51.428"/>
  <testcase classname="com.crm.autodesk.genericutility.Baseclass" name="@BeforeSuite beforesuite" time="0.0">
    <ignored/>
  </testcase> <!-- @BeforeSuite beforesuite -->
  <testcase classname="com.crm.autodesk.genericutility.Baseclass" name="@AfterTest aftertest" time="0.0">
    <ignored/>
  </testcase> <!-- @AfterTest aftertest -->
  <testcase classname="com.crm.autodesk.genericutility.Baseclass" name="@BeforeTest beforetest" time="0.0">
    <ignored/>
  </testcase> <!-- @BeforeTest beforetest -->
  <testcase classname="com.crm.autodesk.genericutility.Baseclass" name="@AfterSuite aftersuite" time="0.0">
    <ignored/>
  </testcase> <!-- @AfterSuite aftersuite -->
</testsuite> <!-- dtestTest3 -->
