<?xml version="1.0" encoding="UTF-8"?>
<!-- Generated by org.testng.reporters.JUnitXMLReporter -->
<testsuite ignored="23" hostname="muralim" failures="0" tests="3" name="Test" time="117.139" errors="0" timestamp="2022-03-16T15:23:54 IST">
  <testcase classname="com.crm.vtiger.CreatecampaignTest" name="createcampaign" time="21.305"/>
  <testcase classname="com.crm.vtiger.CreatecontactwithleadsourceTest" name="createcontactwithleadsource" time="23.274"/>
  <testcase classname="com.crm.vtiger.CreateOrganizationTest" name="createorganization" time="22.943"/>
  <testcase classname="com.crm.vtiger.CreateproductTest" name="createproduct" time="0.0">
    <ignored/>
  </testcase> <!-- createproduct -->
  <testcase classname="com.crm.vtiger.CreatecontactTest" name="createcontact" time="0.0">
    <ignored/>
  </testcase> <!-- createcontact -->
  <testcase classname="com.crm.autodesk.genericutility.Baseclass" name="@AfterSuite aftersuite" time="0.0">
    <ignored/>
  </testcase> <!-- @AfterSuite aftersuite -->
  <testcase classname="com.crm.autodesk.genericutility.Baseclass" name="@AfterSuite aftersuite" time="0.0">
    <ignored/>
  </testcase> <!-- @AfterSuite aftersuite -->
  <testcase classname="com.crm.autodesk.genericutility.Baseclass" name="@AfterSuite aftersuite" time="0.0">
    <ignored/>
  </testcase> <!-- @AfterSuite aftersuite -->
  <testcase classname="com.crm.autodesk.genericutility.Baseclass" name="@AfterSuite aftersuite" time="0.0">
    <ignored/>
  </testcase> <!-- @AfterSuite aftersuite -->
  <testcase classname="com.crm.autodesk.genericutility.Baseclass" name="@AfterSuite aftersuite" time="0.0">
    <ignored/>
  </testcase> <!-- @AfterSuite aftersuite -->
  <testcase classname="com.crm.autodesk.genericutility.Baseclass" name="@BeforeSuite beforesuite" time="0.0">
    <ignored/>
  </testcase> <!-- @BeforeSuite beforesuite -->
  <testcase classname="com.crm.autodesk.genericutility.Baseclass" name="@BeforeSuite beforesuite" time="0.0">
    <ignored/>
  </testcase> <!-- @BeforeSuite beforesuite -->
  <testcase classname="com.crm.autodesk.genericutility.Baseclass" name="@BeforeSuite beforesuite" time="0.0">
    <ignored/>
  </testcase> <!-- @BeforeSuite beforesuite -->
  <testcase classname="com.crm.autodesk.genericutility.Baseclass" name="@BeforeSuite beforesuite" time="0.0">
    <ignored/>
  </testcase> <!-- @BeforeSuite beforesuite -->
  <testcase classname="com.crm.autodesk.genericutility.Baseclass" name="@BeforeSuite beforesuite" time="0.0">
    <ignored/>
  </testcase> <!-- @BeforeSuite beforesuite -->
  <testcase classname="com.crm.vtiger.CreatecontactofaaajsinghTest" name="createcontactofaaasingh" time="0.0">
    <ignored/>
  </testcase> <!-- createcontactofaaasingh -->
  <testcase classname="com.crm.autodesk.genericutility.Baseclass" name="@AfterTest aftertest" time="0.0">
    <ignored/>
  </testcase> <!-- @AfterTest aftertest -->
  <testcase classname="com.crm.autodesk.genericutility.Baseclass" name="@AfterTest aftertest" time="0.0">
    <ignored/>
  </testcase> <!-- @AfterTest aftertest -->
  <testcase classname="com.crm.autodesk.genericutility.Baseclass" name="@AfterTest aftertest" time="0.0">
    <ignored/>
  </testcase> <!-- @AfterTest aftertest -->
  <testcase classname="com.crm.autodesk.genericutility.Baseclass" name="@AfterTest aftertest" time="0.0">
    <ignored/>
  </testcase> <!-- @AfterTest aftertest -->
  <testcase classname="com.crm.autodesk.genericutility.Baseclass" name="@AfterTest aftertest" time="0.0">
    <ignored/>
  </testcase> <!-- @AfterTest aftertest -->
  <testcase classname="com.crm.autodesk.genericutility.Baseclass" name="@BeforeTest beforetest" time="0.0">
    <ignored/>
  </testcase> <!-- @BeforeTest beforetest -->
  <testcase classname="com.crm.autodesk.genericutility.Baseclass" name="@BeforeTest beforetest" time="0.0">
    <ignored/>
  </testcase> <!-- @BeforeTest beforetest -->
  <testcase classname="com.crm.autodesk.genericutility.Baseclass" name="@BeforeTest beforetest" time="0.0">
    <ignored/>
  </testcase> <!-- @BeforeTest beforetest -->
  <testcase classname="com.crm.autodesk.genericutility.Baseclass" name="@BeforeTest beforetest" time="0.0">
    <ignored/>
  </testcase> <!-- @BeforeTest beforetest -->
  <testcase classname="com.crm.autodesk.genericutility.Baseclass" name="@BeforeTest beforetest" time="0.0">
    <ignored/>
  </testcase> <!-- @BeforeTest beforetest -->
</testsuite> <!-- Test -->
